* 98608b5 (HEAD -> main, origin/Feature-CambioNombres, Feature-CambioNombres) cambio nombres
* 30fafc0 (origin/main, origin/HEAD, test) DIFF
* b8827f5 adios miguel
*   c6540a5 Merge branch 'main' of https://github.com/salonso13/DAW-DIW
|\  
| *   0399168 Merge branch 'main' of https://github.com/salonso13/DAW-DIW
| |\  
| * | d6d0d2a HolaSergio
* | | ae104d4 restablecer de 0
| |/  
|/|   
* | d73433a archvo random
* | 63a3a67 prueba
|/  
* bbe337c holamunditosergio
* 931b39e Hola
* fe75ac5 aaaaaaaaa commit
* 71f8f7d  Hola commit
* c0f1494 initial commit
* 880d65c Initial commit
